c:\users\srkok\source\repos\opengl\buscamines3d\x64\debug\ographicsentity.obj
c:\users\srkok\source\repos\opengl\buscamines3d\x64\debug\overtexarrayobject.obj
c:\users\srkok\source\repos\opengl\buscamines3d\x64\debug\ogame.obj
c:\users\srkok\source\repos\opengl\buscamines3d\x64\debug\omesh.obj
c:\users\srkok\source\repos\opengl\buscamines3d\x64\debug\ographicsengine.obj
c:\users\srkok\source\repos\opengl\buscamines3d\x64\debug\oresource.obj
c:\users\srkok\source\repos\opengl\buscamines3d\x64\debug\mygame.obj
c:\users\srkok\source\repos\opengl\buscamines3d\x64\debug\cwin32window.obj
c:\users\srkok\source\repos\opengl\buscamines3d\x64\debug\oentity.obj
c:\users\srkok\source\repos\opengl\buscamines3d\x64\debug\otexture.obj
c:\users\srkok\source\repos\opengl\buscamines3d\x64\debug\ocubeentity.obj
c:\users\srkok\source\repos\opengl\buscamines3d\x64\debug\cwin32graphicsengine.obj
c:\users\srkok\source\repos\opengl\buscamines3d\x64\debug\tile.obj
c:\users\srkok\source\repos\opengl\buscamines3d\x64\debug\cwin32inputmanager.obj
c:\users\srkok\source\repos\opengl\buscamines3d\x64\debug\otexture2d.obj
c:\users\srkok\source\repos\opengl\buscamines3d\x64\debug\main.obj
c:\users\srkok\source\repos\opengl\buscamines3d\x64\debug\ocamera.obj
c:\users\srkok\source\repos\opengl\buscamines3d\x64\debug\ouniformbuffer.obj
c:\users\srkok\source\repos\opengl\buscamines3d\x64\debug\oshader.obj
c:\users\srkok\source\repos\opengl\buscamines3d\x64\debug\omeshentity.obj
c:\users\srkok\source\repos\opengl\buscamines3d\x64\debug\cwin32game.obj
c:\users\srkok\source\repos\opengl\buscamines3d\x64\debug\olightentity.obj
c:\users\srkok\source\repos\opengl\buscamines3d\x64\debug\utilities.obj
c:\users\srkok\source\repos\opengl\buscamines3d\x64\debug\oresourcemanager.obj
c:\users\srkok\source\repos\opengl\buscamines3d\x64\debug\vc143.pdb
c:\users\srkok\source\repos\opengl\buscamines3d\x64\debug\glad.obj
c:\users\srkok\source\repos\opengl\buscamines3d\x64\debug\glad_wgl.obj
c:\users\srkok\source\repos\opengl\buscamines3d\x64\debug\vc143.idb
c:\users\srkok\source\repos\opengl\buscamines3d\x64\debug\buscamines3d.exe
c:\users\srkok\source\repos\opengl\buscamines3d\x64\debug\buscamines3d.ilk
c:\users\srkok\source\repos\opengl\buscamines3d\x64\debug\buscamines3d.pdb
c:\users\srkok\source\repos\opengl\buscamines3d\x64\debug\player.obj
c:\users\srkok\source\repos\opengl\buscamines3d\x64\debug\openglgame.ilk
c:\users\srkok\source\repos\opengl\buscamines3d\x64\debug\openglgame.pdb
c:\users\srkok\source\repos\opengl\buscamines3d\x64\debug\buscamines3d.tlog\cl.command.1.tlog
c:\users\srkok\source\repos\opengl\buscamines3d\x64\debug\buscamines3d.tlog\cl.read.1.tlog
c:\users\srkok\source\repos\opengl\buscamines3d\x64\debug\buscamines3d.tlog\cl.write.1.tlog
c:\users\srkok\source\repos\opengl\buscamines3d\x64\debug\buscamines3d.tlog\link.command.1.tlog
c:\users\srkok\source\repos\opengl\buscamines3d\x64\debug\buscamines3d.tlog\link.read.1.tlog
c:\users\srkok\source\repos\opengl\buscamines3d\x64\debug\buscamines3d.tlog\link.write.1.tlog
